<?xml version="1.0" encoding="UTF-8"?>
<testng-results ignored="0" total="1" passed="1" failed="0" skipped="0">
  <reporter-output>
  </reporter-output>
  <suite started-at="2022-10-09T20:44:17 IST" name="Default suite" finished-at="2022-10-09T20:44:45 IST" duration-ms="28520">
    <groups>
    </groups>
    <test started-at="2022-10-09T20:44:17 IST" name="Default test" finished-at="2022-10-09T20:44:45 IST" duration-ms="28520">
      <class name="scripts.Testcase3">
        <test-method is-config="true" signature="openApp()[pri:0, instance:scripts.Testcase3@57c758ac]" started-at="2022-10-09T20:44:17 IST" name="openApp" finished-at="2022-10-09T20:44:21 IST" duration-ms="4257" status="PASS">
          <reporter-output>
          </reporter-output>
        </test-method> <!-- openApp -->
        <test-method signature="tc3()[pri:0, instance:scripts.Testcase3@57c758ac]" started-at="2022-10-09T20:44:21 IST" name="tc3" finished-at="2022-10-09T20:44:45 IST" duration-ms="23760" status="PASS">
          <reporter-output>
          </reporter-output>
        </test-method> <!-- tc3 -->
        <test-method is-config="true" signature="closeApp(org.testng.ITestResult)[pri:0, instance:scripts.Testcase3@57c758ac]" started-at="2022-10-09T20:44:45 IST" name="closeApp" finished-at="2022-10-09T20:44:45 IST" duration-ms="457" status="PASS">
          <params>
            <param index="0">
              <value>
                <![CDATA[[TestResult name=tc3 status=SUCCESS method=Testcase3.tc3()[pri:0, instance:scripts.Testcase3@57c758ac] output={null}]]]>
              </value>
            </param>
          </params>
          <reporter-output>
          </reporter-output>
        </test-method> <!-- closeApp -->
      </class> <!-- scripts.Testcase3 -->
    </test> <!-- Default test -->
  </suite> <!-- Default suite -->
</testng-results>
